<?xml version="1.0" encoding="UTF-8"?>
<!-- Generated by org.testng.reporters.JUnitXMLReporter -->
<testsuite hostname="LAPTOP-J4HJB4SI" ignored="0" name="Test1" tests="2" failures="1" timestamp="2020-05-09T19:53:43 IST" time="21.187" errors="0">
  <testcase name="google" time="11.154" classname="facebook.Account.Google">
    <failure type="org.openqa.selenium.SessionNotCreatedException" message="session not created
from chrome not reachable
  (Session info: chrome=81.0.4044.138)
Build info: version: &amp;apos;3.141.59&amp;apos;, revision: &amp;apos;e82be7d358&amp;apos;, time: &amp;apos;2018-11-14T08:17:03&amp;apos;
System info: host: &amp;apos;LAPTOP-J4HJB4SI&amp;apos;, ip: &amp;apos;192.168.56.1&amp;apos;, os.name: &amp;apos;Windows 10&amp;apos;, os.arch: &amp;apos;amd64&amp;apos;, os.version: &amp;apos;10.0&amp;apos;, java.version: &amp;apos;1.8.0_241&amp;apos;
Driver info: driver.version: ChromeDriver
remote stacktrace: Backtrace:
	Ordinal0 [0x00865F73+2449267]
	Ordinal0 [0x00798361+1606497]
	Ordinal0 [0x0068F812+522258]
	Ordinal0 [0x006895B2+497074]
	Ordinal0 [0x00689C9B+498843]
	Ordinal0 [0x0068ABF5+502773]
	Ordinal0 [0x00686724+485156]
	Ordinal0 [0x00690600+525824]
	Ordinal0 [0x0063CBB9+183225]
	Ordinal0 [0x0063BF2D+180013]
	Ordinal0 [0x00639E5B+171611]
	Ordinal0 [0x00621DD8+73176]
	Ordinal0 [0x00622E50+77392]
	Ordinal0 [0x00622DE9+77289]
	Ordinal0 [0x007AD8D7+1693911]
	GetHandleVerifier [0x00904036+522726]
	GetHandleVerifier [0x00903D74+522020]
	GetHandleVerifier [0x00919187+609079]
	GetHandleVerifier [0x009048A6+524886]
	Ordinal0 [0x007A5CBC+1662140]
	Ordinal0 [0x007AF23B+1700411]
	Ordinal0 [0x007AF3A3+1700771]
	Ordinal0 [0x007C5215+1790485]
	BaseThreadInitThunk [0x75B36359+25]
	RtlGetAppContainerNamedObjectPath [0x770C7C14+228]
	RtlGetAppContainerNamedObjectPath [0x770C7BE4+180]
">
      <![CDATA[org.openqa.selenium.SessionNotCreatedException: session not created
from chrome not reachable
  (Session info: chrome=81.0.4044.138)
Build info: version: '3.141.59', revision: 'e82be7d358', time: '2018-11-14T08:17:03'
System info: host: 'LAPTOP-J4HJB4SI', ip: '192.168.56.1', os.name: 'Windows 10', os.arch: 'amd64', os.version: '10.0', java.version: '1.8.0_241'
Driver info: driver.version: ChromeDriver
remote stacktrace: Backtrace:
Ordinal0 [0x00865F73+2449267]
Ordinal0 [0x00798361+1606497]
Ordinal0 [0x0068F812+522258]
Ordinal0 [0x006895B2+497074]
Ordinal0 [0x00689C9B+498843]
Ordinal0 [0x0068ABF5+502773]
Ordinal0 [0x00686724+485156]
Ordinal0 [0x00690600+525824]
Ordinal0 [0x0063CBB9+183225]
Ordinal0 [0x0063BF2D+180013]
Ordinal0 [0x00639E5B+171611]
Ordinal0 [0x00621DD8+73176]
Ordinal0 [0x00622E50+77392]
Ordinal0 [0x00622DE9+77289]
Ordinal0 [0x007AD8D7+1693911]
GetHandleVerifier [0x00904036+522726]
GetHandleVerifier [0x00903D74+522020]
GetHandleVerifier [0x00919187+609079]
GetHandleVerifier [0x009048A6+524886]
Ordinal0 [0x007A5CBC+1662140]
Ordinal0 [0x007AF23B+1700411]
Ordinal0 [0x007AF3A3+1700771]
Ordinal0 [0x007C5215+1790485]
BaseThreadInitThunk [0x75B36359+25]
RtlGetAppContainerNamedObjectPath [0x770C7C14+228]
RtlGetAppContainerNamedObjectPath [0x770C7BE4+180]

at org.openqa.selenium.remote.W3CHandshakeResponse.lambda$errorHandler$0(W3CHandshakeResponse.java:62)
at org.openqa.selenium.remote.HandshakeResponse.lambda$getResponseFunction$0(HandshakeResponse.java:30)
at org.openqa.selenium.remote.ProtocolHandshake.lambda$createSession$0(ProtocolHandshake.java:126)
at java.util.stream.ReferencePipeline$3$1.accept(ReferencePipeline.java:193)
at java.util.Spliterators$ArraySpliterator.tryAdvance(Spliterators.java:958)
at java.util.stream.ReferencePipeline.forEachWithCancel(ReferencePipeline.java:126)
at java.util.stream.AbstractPipeline.copyIntoWithCancel(AbstractPipeline.java:499)
at java.util.stream.AbstractPipeline.copyInto(AbstractPipeline.java:486)
at java.util.stream.AbstractPipeline.wrapAndCopyInto(AbstractPipeline.java:472)
at java.util.stream.FindOps$FindOp.evaluateSequential(FindOps.java:152)
at java.util.stream.AbstractPipeline.evaluate(AbstractPipeline.java:234)
at java.util.stream.ReferencePipeline.findFirst(ReferencePipeline.java:464)
at org.openqa.selenium.remote.ProtocolHandshake.createSession(ProtocolHandshake.java:128)
at org.openqa.selenium.remote.ProtocolHandshake.createSession(ProtocolHandshake.java:74)
at org.openqa.selenium.remote.HttpCommandExecutor.execute(HttpCommandExecutor.java:136)
at org.openqa.selenium.remote.service.DriverCommandExecutor.execute(DriverCommandExecutor.java:83)
at org.openqa.selenium.remote.RemoteWebDriver.execute(RemoteWebDriver.java:552)
at org.openqa.selenium.remote.RemoteWebDriver.startSession(RemoteWebDriver.java:213)
at org.openqa.selenium.remote.RemoteWebDriver.<init>(RemoteWebDriver.java:131)
at org.openqa.selenium.chrome.ChromeDriver.<init>(ChromeDriver.java:181)
at org.openqa.selenium.chrome.ChromeDriver.<init>(ChromeDriver.java:168)
at org.openqa.selenium.chrome.ChromeDriver.<init>(ChromeDriver.java:123)
at facebook.Account.Google.google(Google.java:11)
at java.util.ArrayList.forEach(ArrayList.java:1257)
... Removed 31 stack frames]]>
    </failure>
  </testcase> <!-- google -->
  <testcase name="face" time="9.905" classname="facebook.Account.facebookTest"/>
</testsuite> <!-- Test1 -->
